#
# A fatal error has been detected by the Java Runtime Environment:
#
#  EXCEPTION_STACK_OVERFLOW (0xc00000fd) at pc=0x00000000774e181a, pid=1144, tid=6896
#
# JRE version: Java(TM) SE Runtime Environment (8.0_45-b15) (build 1.8.0_45-b15)
# Java VM: Java HotSpot(TM) 64-Bit Server VM (25.45-b02 mixed mode windows-amd64 compressed oops)
# Problematic frame:
# C  [ntdll.dll+0x5181a]
#
# Failed to write core dump. Minidumps are not enabled by default on client versions of Windows
#
# If you would like to submit a bug report, please visit:
#   http://bugreport.java.com/bugreport/crash.jsp
#

---------------  T H R E A D  ---------------

Current thread (0x000000001e56d800):  JavaThread "JavaFX Application Thread" [_thread_in_vm, id=6896, stack(0x000000001f870000,0x000000001f970000)]

siginfo: ExceptionCode=0xc00000fd, ExceptionInformation=0x0000000000000000 0x000000001f873fb8 

Registers:
RAX=0x0000000000000000, RBX=0x0000000000001000, RCX=0x00000000774e181a, RDX=0x0000000000000000
RSP=0x000000001f873fb8, RBP=0x000000001f874090, RSI=0x0000000000000104, RDI=0xffffffffffffffff
R8 =0x000000001f873fb8, R9 =0x000000001f874090, R10=0x0000000000000000, R11=0x0000000000000206
R12=0x000000001e56d800, R13=0x000000001e56d800, R14=0x000000001f8741e0, R15=0x000000001f874390
RIP=0x00000000774e181a, EFLAGS=0x0000000000010206

Top of Stack: (sp=0x000000001f873fb8)
0x000000001f873fb8:   000007fefda33fc3 000000001f96cb60
0x000000001f873fc8:   0000000002905e08 00000000028f56d0
0x000000001f873fd8:   00000000502b9066 000000001f874090
0x000000001f873fe8:   000000001f96cb60 0000000000100000
0x000000001f873ff8:   000000001f970000 000000001f871000
0x000000001f874008:   000007fefda33f7b 0000000000001000
0x000000001f874018:   000000001f871000 0000000000003000
0x000000001f874028:   00000000501f7c7b 000000001f874090
0x000000001f874038:   000000005076ae6c 000000001f874100
0x000000001f874048:   0000000050423835 00000007c00053e8
0x000000001f874058:   00000000503cf069 000000001d653f70
0x000000001f874068:   0000000050776efc 3700000000000001
0x000000001f874078:   00000000503ccceb 000000001f96cbe0
0x000000001f874088:   000021194a277268 0000000000000004
0x000000001f874098:   000000005038f95e 000000001f8740b0
0x000000001f8740a8:   00000000503cde64 0000000022a04298 

Instructions: (pc=0x00000000774e181a)
0x00000000774e17fa:   c3 0f 1f 44 00 00 4c 8b d1 b8 4c 00 00 00 0f 05
0x00000000774e180a:   c3 0f 1f 44 00 00 4c 8b d1 b8 4d 00 00 00 0f 05
0x00000000774e181a:   c3 0f 1f 44 00 00 4c 8b d1 b8 4e 00 00 00 0f 05
0x00000000774e182a:   c3 0f 1f 44 00 00 4c 8b d1 b8 4f 00 00 00 0f 05 


Register to memory mapping:

RAX=0x0000000000000000 is an unknown value
RBX=0x0000000000001000 is an unknown value
RCX=0x00000000774e181a is an unknown value
RDX=0x0000000000000000 is an unknown value
RSP=0x000000001f873fb8 is pointing into the stack for thread: 0x000000001e56d800
RBP=0x000000001f874090 is pointing into the stack for thread: 0x000000001e56d800
RSI=0x0000000000000104 is an unknown value
RDI=0xffffffffffffffff is an unknown value
R8 =0x000000001f873fb8 is pointing into the stack for thread: 0x000000001e56d800
R9 =0x000000001f874090 is pointing into the stack for thread: 0x000000001e56d800
R10=0x0000000000000000 is an unknown value
R11=0x0000000000000206 is an unknown value
R12=0x000000001e56d800 is a thread
R13=0x000000001e56d800 is a thread
R14=0x000000001f8741e0 is pointing into the stack for thread: 0x000000001e56d800
R15=0x000000001f874390 is pointing into the stack for thread: 0x000000001e56d800


Stack: [0x000000001f870000,0x000000001f970000],  sp=0x000000001f873fb8,  free space=15k
Native frames: (J=compiled Java code, j=interpreted, Vv=VM code, C=native code)
C  [ntdll.dll+0x5181a]
C  [KERNELBASE.dll+0x13fc3]
C  [KERNELBASE.dll+0x13f7b]
V  [jvm.dll+0x293835]
V  [jvm.dll+0x23cceb]
V  [jvm.dll+0x23de64]
V  [jvm.dll+0x210d9c]
V  [jvm.dll+0x32b3e2]
V  [jvm.dll+0x211203]
V  [jvm.dll+0x146da1]
V  [jvm.dll+0x15477c]
C  [jfxwebkit.dll+0x28ef1c]
C  [jfxwebkit.dll+0x2d2766]
C  [jfxwebkit.dll+0x2d0b1d]
C  [jfxwebkit.dll+0x2d0e63]
C  [jfxwebkit.dll+0x2d3dc2]
C  [jfxwebkit.dll+0xae2338]
C  [jfxwebkit.dll+0xaefa95]
C  [jfxwebkit.dll+0xaec14a]
C  [jfxwebkit.dll+0x2d0bcb]
C  [jfxwebkit.dll+0x2d0e63]
C  [jfxwebkit.dll+0x2d3dc2]
C  [jfxwebkit.dll+0xae2338]
C  [jfxwebkit.dll+0xaefa95]
C  [jfxwebkit.dll+0xaec14a]
C  [jfxwebkit.dll+0x2d0bcb]
C  [jfxwebkit.dll+0x2d0e63]
C  [jfxwebkit.dll+0x2d3dc2]
C  [jfxwebkit.dll+0xae2338]
C  [jfxwebkit.dll+0xaefa95]
C  [jfxwebkit.dll+0xaec14a]
C  [jfxwebkit.dll+0x2d0bcb]
C  [jfxwebkit.dll+0x2d0e63]
C  [jfxwebkit.dll+0x2d3dc2]
C  [jfxwebkit.dll+0xae2338]
C  [jfxwebkit.dll+0xaefa95]
C  [jfxwebkit.dll+0xaec14a]
C  [jfxwebkit.dll+0x2d0bcb]
C  [jfxwebkit.dll+0x2d0e63]
C  [jfxwebkit.dll+0x2d3dc2]
C  [jfxwebkit.dll+0xae2338]
C  [jfxwebkit.dll+0xaefa95]
C  [jfxwebkit.dll+0xaec14a]
C  [jfxwebkit.dll+0x2d0bcb]
C  [jfxwebkit.dll+0x2d0e63]
C  [jfxwebkit.dll+0x2d3dc2]
C  [jfxwebkit.dll+0xae2338]
C  [jfxwebkit.dll+0xaefa95]
C  [jfxwebkit.dll+0xaec14a]
C  [jfxwebkit.dll+0x2d0bcb]
C  [jfxwebkit.dll+0x2d0e63]
C  [jfxwebkit.dll+0x2d3dc2]
C  [jfxwebkit.dll+0xae2338]
C  [jfxwebkit.dll+0xaefa95]
C  [jfxwebkit.dll+0xaec14a]
C  [jfxwebkit.dll+0x2d0bcb]
C  [jfxwebkit.dll+0x2d0e63]
C  [jfxwebkit.dll+0x2d3dc2]
C  [jfxwebkit.dll+0xae2338]
C  [jfxwebkit.dll+0xaefa95]
C  [jfxwebkit.dll+0xaec14a]
C  [jfxwebkit.dll+0x2d0bcb]
C  [jfxwebkit.dll+0x2d0e63]
C  [jfxwebkit.dll+0x2d3dc2]
C  [jfxwebkit.dll+0xae2338]
C  [jfxwebkit.dll+0xaefa95]
C  [jfxwebkit.dll+0xaec14a]
C  [jfxwebkit.dll+0x2d0bcb]
C  [jfxwebkit.dll+0x2d0e63]
C  [jfxwebkit.dll+0x2d3dc2]
C  [jfxwebkit.dll+0xae2338]
C  [jfxwebkit.dll+0xaefa95]
C  [jfxwebkit.dll+0xaec14a]
C  [jfxwebkit.dll+0x2d0bcb]
C  [jfxwebkit.dll+0x2d0e63]
C  [jfxwebkit.dll+0x2d3dc2]
C  [jfxwebkit.dll+0xae2338]
C  [jfxwebkit.dll+0xaefa95]
C  [jfxwebkit.dll+0xaec14a]
C  [jfxwebkit.dll+0x2d0bcb]
C  [jfxwebkit.dll+0x2d0e63]
C  [jfxwebkit.dll+0x2d3dc2]
C  [jfxwebkit.dll+0xae2338]
C  [jfxwebkit.dll+0xaefa95]
C  [jfxwebkit.dll+0xaec14a]
C  [jfxwebkit.dll+0x2d0bcb]
C  [jfxwebkit.dll+0x2d0e63]
C  [jfxwebkit.dll+0x2d3dc2]
C  [jfxwebkit.dll+0xae2338]
C  [jfxwebkit.dll+0xaefa95]
C  [jfxwebkit.dll+0xaec14a]
C  [jfxwebkit.dll+0x2d0bcb]
C  [jfxwebkit.dll+0x2d0e63]
C  [jfxwebkit.dll+0x2d3dc2]
C  [jfxwebkit.dll+0xae2338]
C  [jfxwebkit.dll+0xaefa95]
C  [jfxwebkit.dll+0xaec14a]
C  [jfxwebkit.dll+0x2d0bcb]
C  [jfxwebkit.dll+0x2d0e63]
...<more frames>...

Java frames: (J=compiled Java code, j=interpreted, Vv=VM code)
j  com.sun.webkit.PopupMenu.twkSelectionCommited(JI)V+0
j  com.sun.webkit.PopupMenu.notifySelectionCommited(I)V+6
j  com.sun.javafx.webkit.theme.PopupMenuImpl.lambda$new$82(Ljavafx/event/ActionEvent;)V+34
j  com.sun.javafx.webkit.theme.PopupMenuImpl$$Lambda$328.handle(Ljavafx/event/Event;)V+8
j  com.sun.javafx.event.CompositeEventHandler.dispatchBubblingEvent(Ljavafx/event/Event;)V+51
J 2422 C1 com.sun.javafx.event.EventHandlerManager.dispatchBubblingEvent(Ljavafx/event/Event;)Ljavafx/event/Event; (23 bytes) @ 0x000000000309d38c [0x000000000309cce0+0x6ac]
J 2394 C1 com.sun.javafx.event.CompositeEventDispatcher.dispatchBubblingEvent(Ljavafx/event/Event;)Ljavafx/event/Event; (35 bytes) @ 0x0000000003083cdc [0x0000000003083b20+0x1bc]
J 2384 C1 com.sun.javafx.event.BasicEventDispatcher.dispatchEvent(Ljavafx/event/Event;Ljavafx/event/EventDispatchChain;)Ljavafx/event/Event; (44 bytes) @ 0x000000000307d1ec [0x000000000307cec0+0x32c]
J 2069 C1 com.sun.javafx.event.EventDispatchChainImpl.dispatchEvent(Ljavafx/event/Event;)Ljavafx/event/Event; (101 bytes) @ 0x0000000002fa8bfc [0x0000000002fa8a40+0x1bc]
J 2384 C1 com.sun.javafx.event.BasicEventDispatcher.dispatchEvent(Ljavafx/event/Event;Ljavafx/event/EventDispatchChain;)Ljavafx/event/Event; (44 bytes) @ 0x000000000307d104 [0x000000000307cec0+0x244]
J 2069 C1 com.sun.javafx.event.EventDispatchChainImpl.dispatchEvent(Ljavafx/event/Event;)Ljavafx/event/Event; (101 bytes) @ 0x0000000002fa8bfc [0x0000000002fa8a40+0x1bc]
j  com.sun.javafx.event.EventUtil.fireEventImpl(Ljavafx/event/EventDispatchChain;Ljavafx/event/EventTarget;Ljavafx/event/Event;)Ljavafx/event/Event;+10
j  com.sun.javafx.event.EventUtil.fireEvent(Ljavafx/event/EventTarget;Ljavafx/event/Event;)Ljavafx/event/Event;+37
j  javafx.event.Event.fireEvent(Ljavafx/event/EventTarget;Ljavafx/event/Event;)V+30
j  javafx.scene.control.MenuItem.fire()V+10
j  com.sun.javafx.scene.control.skin.ContextMenuContent$MenuItemContainer.doSelect()V+97
j  com.sun.javafx.scene.control.skin.ContextMenuContent$MenuItemContainer.lambda$createChildren$341(Ljavafx/scene/input/MouseEvent;)V+1
j  com.sun.javafx.scene.control.skin.ContextMenuContent$MenuItemContainer$$Lambda$342.handle(Ljavafx/event/Event;)V+8
j  com.sun.javafx.event.CompositeEventHandler$NormalEventHandlerRecord.handleBubblingEvent(Ljavafx/event/Event;)V+5
j  com.sun.javafx.event.CompositeEventHandler.dispatchBubblingEvent(Ljavafx/event/Event;)V+28
J 2422 C1 com.sun.javafx.event.EventHandlerManager.dispatchBubblingEvent(Ljavafx/event/Event;)Ljavafx/event/Event; (23 bytes) @ 0x000000000309d38c [0x000000000309cce0+0x6ac]
J 2394 C1 com.sun.javafx.event.CompositeEventDispatcher.dispatchBubblingEvent(Ljavafx/event/Event;)Ljavafx/event/Event; (35 bytes) @ 0x0000000003083cdc [0x0000000003083b20+0x1bc]
J 2384 C1 com.sun.javafx.event.BasicEventDispatcher.dispatchEvent(Ljavafx/event/Event;Ljavafx/event/EventDispatchChain;)Ljavafx/event/Event; (44 bytes) @ 0x000000000307d1ec [0x000000000307cec0+0x32c]
J 2069 C1 com.sun.javafx.event.EventDispatchChainImpl.dispatchEvent(Ljavafx/event/Event;)Ljavafx/event/Event; (101 bytes) @ 0x0000000002fa8bfc [0x0000000002fa8a40+0x1bc]
J 2384 C1 com.sun.javafx.event.BasicEventDispatcher.dispatchEvent(Ljavafx/event/Event;Ljavafx/event/EventDispatchChain;)Ljavafx/event/Event; (44 bytes) @ 0x000000000307d104 [0x000000000307cec0+0x244]
J 2069 C1 com.sun.javafx.event.EventDispatchChainImpl.dispatchEvent(Ljavafx/event/Event;)Ljavafx/event/Event; (101 bytes) @ 0x0000000002fa8bfc [0x0000000002fa8a40+0x1bc]
J 2384 C1 com.sun.javafx.event.BasicEventDispatcher.dispatchEvent(Ljavafx/event/Event;Ljavafx/event/EventDispatchChain;)Ljavafx/event/Event; (44 bytes) @ 0x000000000307d104 [0x000000000307cec0+0x244]
J 2069 C1 com.sun.javafx.event.EventDispatchChainImpl.dispatchEvent(Ljavafx/event/Event;)Ljavafx/event/Event; (101 bytes) @ 0x0000000002fa8bfc [0x0000000002fa8a40+0x1bc]
J 2384 C1 com.sun.javafx.event.BasicEventDispatcher.dispatchEvent(Ljavafx/event/Event;Ljavafx/event/EventDispatchChain;)Ljavafx/event/Event; (44 bytes) @ 0x000000000307d104 [0x000000000307cec0+0x244]
J 2069 C1 com.sun.javafx.event.EventDispatchChainImpl.dispatchEvent(Ljavafx/event/Event;)Ljavafx/event/Event; (101 bytes) @ 0x0000000002fa8bfc [0x0000000002fa8a40+0x1bc]
j  com.sun.javafx.event.EventUtil.fireEventImpl(Ljavafx/event/EventDispatchChain;Ljavafx/event/EventTarget;Ljavafx/event/Event;)Ljavafx/event/Event;+10
j  com.sun.javafx.event.EventUtil.fireEvent(Ljavafx/event/EventTarget;Ljavafx/event/Event;)Ljavafx/event/Event;+46
j  javafx.event.Event.fireEvent(Ljavafx/event/EventTarget;Ljavafx/event/Event;)V+30
j  javafx.scene.Scene$MouseHandler.process(Ljavafx/scene/input/MouseEvent;Z)V+491
j  javafx.scene.Scene$MouseHandler.access$1500(Ljavafx/scene/Scene$MouseHandler;Ljavafx/scene/input/MouseEvent;Z)V+3
j  javafx.scene.Scene.impl_processMouseEvent(Ljavafx/scene/input/MouseEvent;)V+6
j  javafx.scene.Scene$ScenePeerListener.mouseEvent(Ljavafx/event/EventType;DDDDLjavafx/scene/input/MouseButton;ZZZZZZZZZ)V+46
j  com.sun.javafx.tk.quantum.GlassViewEventHandler$MouseEventNotification.run()Ljava/lang/Void;+438
j  com.sun.javafx.tk.quantum.GlassViewEventHandler$MouseEventNotification.run()Ljava/lang/Object;+1
v  ~StubRoutines::call_stub
J 1930  java.security.AccessController.doPrivileged(Ljava/security/PrivilegedAction;Ljava/security/AccessControlContext;)Ljava/lang/Object; (0 bytes) @ 0x0000000002f6eda6 [0x0000000002f6ed40+0x66]
j  com.sun.javafx.tk.quantum.GlassViewEventHandler.lambda$handleMouseEvent$350()Ljava/lang/Void;+11
j  com.sun.javafx.tk.quantum.GlassViewEventHandler$$Lambda$324.get()Ljava/lang/Object;+4
j  com.sun.javafx.tk.quantum.QuantumToolkit.runWithoutRenderLock(Ljava/util/function/Supplier;)Ljava/lang/Object;+18
j  com.sun.javafx.tk.quantum.GlassViewEventHandler.handleMouseEvent(Lcom/sun/glass/ui/View;JIIIIIIIZZ)V+103
j  com.sun.glass.ui.View.handleMouseEvent(JIIIIIIIZZ)V+30
j  com.sun.glass.ui.View.notifyMouse(IIIIIIIZZ)V+181
v  ~StubRoutines::call_stub
j  com.sun.glass.ui.win.WinApplication._runLoop(Ljava/lang/Runnable;)V+0
j  com.sun.glass.ui.win.WinApplication.lambda$null$145(Ljava/lang/Runnable;)V+7
j  com.sun.glass.ui.win.WinApplication$$Lambda$38.run()V+8
j  java.lang.Thread.run()V+11
v  ~StubRoutines::call_stub

---------------  P R O C E S S  ---------------

Java Threads: ( => current thread )
  0x0000000024069800 JavaThread "URL-Loader-2" daemon [_thread_blocked, id=3224, stack(0x00000000264e0000,0x00000000265e0000)]
  0x0000000024069000 JavaThread "Prism Font Disposer" daemon [_thread_blocked, id=4072, stack(0x0000000025a70000,0x0000000025b70000)]
  0x0000000024068000 JavaThread "URL-Loader-1" daemon [_thread_blocked, id=1396, stack(0x0000000025860000,0x0000000025960000)]
  0x0000000023e65800 JavaThread "Watching files in C:\Users\Administrador\Documents\NetBeansProjects\DiccionarioDeJava\client\src\main\webapp\pages" daemon [_thread_blocked, id=6048, stack(0x00000000231a0000,0x00000000232a0000)]
  0x0000000023e64800 JavaThread "Thread-6" daemon [_thread_in_native, id=5960, stack(0x0000000025600000,0x0000000025700000)]
  0x000000001d8f7000 JavaThread "FX<->NetBeans Inspector" [_thread_in_native, id=3748, stack(0x0000000023ae0000,0x0000000023be0000)]
  0x000000001e8d6800 JavaThread "Disposer" daemon [_thread_blocked, id=1692, stack(0x0000000023820000,0x0000000023920000)]
  0x000000001e79f000 JavaThread "Thread-5" daemon [_thread_in_native, id=4836, stack(0x0000000020e30000,0x0000000020f30000)]
=>0x000000001e56d800 JavaThread "JavaFX Application Thread" [_thread_in_vm, id=6896, stack(0x000000001f870000,0x000000001f970000)]
  0x000000001e577800 JavaThread "Thread-4" daemon [_thread_blocked, id=4304, stack(0x000000001f680000,0x000000001f780000)]
  0x000000001e513800 JavaThread "QuantumRenderer-0" daemon [_thread_blocked, id=8008, stack(0x000000001ee60000,0x000000001ef60000)]
  0x000000001e48e800 JavaThread "JavaFX-Launcher" [_thread_blocked, id=4924, stack(0x000000001efb0000,0x000000001f0b0000)]
  0x000000001d92e000 JavaThread "pool-1-thread-1" [_thread_blocked, id=8040, stack(0x000000001ecf0000,0x000000001edf0000)]
  0x000000001d7eb000 JavaThread "FileSystemWatcher: files=#4 cl=sun.misc.Launcher$AppClassLoader@14dad5dc" daemon [_thread_blocked, id=7600, stack(0x000000001e350000,0x000000001e450000)]
  0x000000001d62b000 JavaThread "Service Thread" daemon [_thread_blocked, id=4944, stack(0x000000001df90000,0x000000001e090000)]
  0x000000001d618000 JavaThread "C1 CompilerThread2" daemon [_thread_blocked, id=7504, stack(0x000000001dd60000,0x000000001de60000)]
  0x000000001d617000 JavaThread "C2 CompilerThread1" daemon [_thread_blocked, id=7176, stack(0x000000001d990000,0x000000001da90000)]
  0x000000001d620000 JavaThread "C2 CompilerThread0" daemon [_thread_blocked, id=7664, stack(0x000000001de70000,0x000000001df70000)]
  0x000000001c3be000 JavaThread "Attach Listener" daemon [_thread_blocked, id=7356, stack(0x000000001dc50000,0x000000001dd50000)]
  0x000000001c3bd000 JavaThread "Signal Dispatcher" daemon [_thread_blocked, id=6164, stack(0x000000001db20000,0x000000001dc20000)]
  0x000000001c35f800 JavaThread "Finalizer" daemon [_thread_blocked, id=7872, stack(0x000000001d490000,0x000000001d590000)]
  0x000000001c357000 JavaThread "Reference Handler" daemon [_thread_blocked, id=2380, stack(0x000000001d310000,0x000000001d410000)]
  0x000000000210a000 JavaThread "main" [_thread_blocked, id=4512, stack(0x0000000002420000,0x0000000002520000)]

Other Threads:
  0x000000001c351800 VMThread [stack: 0x000000001d130000,0x000000001d230000] [id=984]
  0x000000001d62d000 WatcherThread [stack: 0x000000001e190000,0x000000001e290000] [id=7840]

VM state:not at safepoint (normal execution)

VM Mutex/Monitor currently owned by a thread: None

Heap:
 PSYoungGen      total 76288K, used 46005K [0x000000076ad00000, 0x0000000774200000, 0x00000007c0000000)
  eden space 65536K, 61% used [0x000000076ad00000,0x000000076d465e70,0x000000076ed00000)
  from space 10752K, 52% used [0x000000076ed00000,0x000000076f2876d0,0x000000076f780000)
  to   space 10752K, 0% used [0x0000000773780000,0x0000000773780000,0x0000000774200000)
 ParOldGen       total 175104K, used 16K [0x00000006c0600000, 0x00000006cb100000, 0x000000076ad00000)
  object space 175104K, 0% used [0x00000006c0600000,0x00000006c0604000,0x00000006cb100000)
 Metaspace       used 19692K, capacity 20984K, committed 21120K, reserved 1067008K
  class space    used 2610K, capacity 2863K, committed 2944K, reserved 1048576K

Card table byte_map: [0x0000000011cb0000,0x00000000124b0000] byte_map_base: 0x000000000e6ad000

Marking Bits: (ParMarkBitMap*) 0x0000000050994040
 Begin Bits: [0x00000000131f0000, 0x00000000171d8000)
 End Bits:   [0x00000000171d8000, 0x000000001b1c0000)

Polling page: 0x0000000000140000

CodeCache: size=245760Kb used=8178Kb max_used=8178Kb free=237581Kb
 bounds [0x00000000028f0000, 0x0000000003100000, 0x00000000118f0000]
 total_blobs=3232 nmethods=2501 adapters=642
 compilation: enabled

Compilation events (10 events):
Event: 4.871 Thread 0x000000001d618000 2498       3       sun.reflect.misc.Trampoline::invoke (11 bytes)
Event: 4.871 Thread 0x000000001d618000 nmethod 2498 0x00000000030ecdd0 code [0x00000000030ecf40, 0x00000000030ed0f8]
Event: 4.871 Thread 0x000000001d618000 2499       3       sun.reflect.misc.Trampoline::ensureInvocableMethod (53 bytes)
Event: 4.872 Thread 0x000000001d618000 nmethod 2499 0x00000000030ed1d0 code [0x00000000030ed3a0, 0x00000000030edcd8]
Event: 4.872 Thread 0x000000001d618000 2502   !   3       sun.reflect.GeneratedMethodAccessor3::invoke (65 bytes)
Event: 4.872 Thread 0x000000001d618000 nmethod 2502 0x00000000030edf90 code [0x00000000030ee180, 0x00000000030ee858]
Event: 4.872 Thread 0x000000001d618000 2500       3       java.lang.Throwable::toString (45 bytes)
Event: 4.873 Thread 0x000000001d618000 nmethod 2500 0x00000000030eecd0 code [0x00000000030eeee0, 0x00000000030efb38]
Event: 4.873 Thread 0x000000001d618000 2501       3       java.lang.Throwable::getLocalizedMessage (5 bytes)
Event: 4.873 Thread 0x000000001d618000 nmethod 2501 0x00000000030eff90 code [0x00000000030f0100, 0x00000000030f0308]

GC Heap History (2 events):
Event: 0.924 GC heap before
{Heap before GC invocations=1 (full 0):
 PSYoungGen      total 76288K, used 65536K [0x000000076ad00000, 0x0000000770200000, 0x00000007c0000000)
  eden space 65536K, 100% used [0x000000076ad00000,0x000000076ed00000,0x000000076ed00000)
  from space 10752K, 0% used [0x000000076f780000,0x000000076f780000,0x0000000770200000)
  to   space 10752K, 0% used [0x000000076ed00000,0x000000076ed00000,0x000000076f780000)
 ParOldGen       total 175104K, used 0K [0x00000006c0600000, 0x00000006cb100000, 0x000000076ad00000)
  object space 175104K, 0% used [0x00000006c0600000,0x00000006c0600000,0x00000006cb100000)
 Metaspace       used 17114K, capacity 18180K, committed 18432K, reserved 1064960K
  class space    used 2294K, capacity 2506K, committed 2560K, reserved 1048576K
Event: 0.936 GC heap after
Heap after GC invocations=1 (full 0):
 PSYoungGen      total 76288K, used 5661K [0x000000076ad00000, 0x0000000774200000, 0x00000007c0000000)
  eden space 65536K, 0% used [0x000000076ad00000,0x000000076ad00000,0x000000076ed00000)
  from space 10752K, 52% used [0x000000076ed00000,0x000000076f2876d0,0x000000076f780000)
  to   space 10752K, 0% used [0x0000000773780000,0x0000000773780000,0x0000000774200000)
 ParOldGen       total 175104K, used 16K [0x00000006c0600000, 0x00000006cb100000, 0x000000076ad00000)
  object space 175104K, 0% used [0x00000006c0600000,0x00000006c0604000,0x00000006cb100000)
 Metaspace       used 17114K, capacity 18180K, committed 18432K, reserved 1064960K
  class space    used 2294K, capacity 2506K, committed 2560K, reserved 1048576K
}

Deoptimization events (10 events):
Event: 1.020 Thread 0x000000001e56d800 Uncommon trap: reason=array_check action=maybe_recompile pc=0x0000000002e30458 method=com.sun.javafx.css.SimpleSelector.applies(Ljavafx/css/Styleable;[Ljava/util/Set;I)Z @ 37
Event: 1.020 Thread 0x000000001e56d800 Uncommon trap: reason=array_check action=maybe_recompile pc=0x0000000002e30458 method=com.sun.javafx.css.SimpleSelector.applies(Ljavafx/css/Styleable;[Ljava/util/Set;I)Z @ 37
Event: 1.020 Thread 0x000000001e56d800 Uncommon trap: reason=array_check action=maybe_recompile pc=0x0000000002e30458 method=com.sun.javafx.css.SimpleSelector.applies(Ljavafx/css/Styleable;[Ljava/util/Set;I)Z @ 37
Event: 1.049 Thread 0x000000001e56d800 Uncommon trap: reason=unstable_if action=reinterpret pc=0x0000000002d94adc method=java.lang.ref.ReferenceQueue.poll()Ljava/lang/ref/Reference; @ 4
Event: 1.130 Thread 0x000000001e56d800 Uncommon trap: reason=unstable_if action=reinterpret pc=0x0000000002ee341c method=sl.org.objectweb.asm.Item.a(Lsl/org/objectweb/asm/Item;)Z @ 345
Event: 1.141 Thread 0x000000001e56d800 Uncommon trap: reason=unstable_if action=reinterpret pc=0x0000000002ed6b8c method=sl.org.objectweb.asm.Type.getArgumentsAndReturnSizes(Ljava/lang/String;)I @ 47
Event: 3.024 Thread 0x000000001e56d800 Uncommon trap: reason=unstable_if action=reinterpret pc=0x0000000002fef320 method=javafx.scene.CssStyleHelper.lookup(Ljavafx/css/Styleable;Ljavafx/css/CssMetaData;Lcom/sun/javafx/css/StyleMap;Ljava/util/Set;Ljavafx/css/Styleable;Lcom/sun/javafx/css/CalculaM…™.…@
Event: 3.065 Thread 0x000000001e56d800 Uncommon trap: reason=unstable_if action=reinterpret pc=0x0000000002e67708 method=java.util.ArrayList.indexOf(Ljava/lang/Object;)I @ 1
Event: 3.085 Thread 0x000000001e56d800 Uncommon trap: reason=class_check action=maybe_recompile pc=0x0000000002ea64b4 method=java.util.WeakHashMap.eq(Ljava/lang/Object;Ljava/lang/Object;)Z @ 7
Event: 3.119 Thread 0x000000001e513800 Uncommon trap: reason=unstable_if action=reinterpret pc=0x0000000003053d44 method=com.sun.javafx.geom.RectBounds.isEmpty()Z @ 21

Internal exceptions (10 events):
Event: 4.883 Thread 0x000000001e56d800 Exception <a 'java/lang/StackOverflowError'> (0x000000076d3982e8) thrown at [C:\re\workspace\8-2-build-windows-amd64-cygwin\jdk8u45\3627\hotspot\src\share\vm\runtime\javaCalls.cpp, line 386]
Event: 4.883 Thread 0x000000001e56d800 Exception <a 'java/lang/StackOverflowError'> (0x000000076d3986a0) thrown at [C:\re\workspace\8-2-build-windows-amd64-cygwin\jdk8u45\3627\hotspot\src\share\vm\runtime\javaCalls.cpp, line 386]
Event: 4.883 Thread 0x000000001e56d800 Exception <a 'java/lang/StackOverflowError'> (0x000000076d398a58) thrown at [C:\re\workspace\8-2-build-windows-amd64-cygwin\jdk8u45\3627\hotspot\src\share\vm\runtime\javaCalls.cpp, line 386]
Event: 4.883 Thread 0x000000001e56d800 Exception <a 'java/lang/StackOverflowError'> (0x000000076d398e10) thrown at [C:\re\workspace\8-2-build-windows-amd64-cygwin\jdk8u45\3627\hotspot\src\share\vm\runtime\javaCalls.cpp, line 386]
Event: 4.883 Thread 0x000000001e56d800 Exception <a 'java/lang/StackOverflowError'> (0x000000076d3991c8) thrown at [C:\re\workspace\8-2-build-windows-amd64-cygwin\jdk8u45\3627\hotspot\src\share\vm\runtime\javaCalls.cpp, line 386]
Event: 4.883 Thread 0x000000001e56d800 Exception <a 'java/lang/StackOverflowError'> (0x000000076d399580) thrown at [C:\re\workspace\8-2-build-windows-amd64-cygwin\jdk8u45\3627\hotspot\src\share\vm\runtime\javaCalls.cpp, line 386]
Event: 4.883 Thread 0x000000001e56d800 Exception <a 'java/lang/StackOverflowError'> (0x000000076d399938) thrown at [C:\re\workspace\8-2-build-windows-amd64-cygwin\jdk8u45\3627\hotspot\src\share\vm\runtime\javaCalls.cpp, line 386]
Event: 4.883 Thread 0x000000001e56d800 Exception <a 'java/lang/StackOverflowError'> (0x000000076d399cf0) thrown at [C:\re\workspace\8-2-build-windows-amd64-cygwin\jdk8u45\3627\hotspot\src\share\vm\runtime\javaCalls.cpp, line 386]
Event: 4.883 Thread 0x000000001e56d800 Exception <a 'java/lang/StackOverflowError'> (0x000000076d39a0a8) thrown at [C:\re\workspace\8-2-build-windows-amd64-cygwin\jdk8u45\3627\hotspot\src\share\vm\runtime\javaCalls.cpp, line 386]
Event: 4.883 Thread 0x000000001e56d800 Exception <a 'java/lang/StackOverflowError'> (0x000000076d39a460) thrown at [C:\re\workspace\8-2-build-windows-amd64-cygwin\jdk8u45\3627\hotspot\src\share\vm\runtime\javaCalls.cpp, line 386]

Events (10 events):
Event: 4.847 loading class sun/reflect/misc/MethodUtil
Event: 4.847 loading class sun/reflect/misc/MethodUtil done
Event: 4.848 loading class sun/reflect/misc/MethodUtil$1
Event: 4.848 loading class sun/reflect/misc/MethodUtil$1 done
Event: 4.848 loading class java/util/Collections$EmptyEnumeration
Event: 4.848 loading class java/util/Collections$EmptyEnumeration done
Event: 4.849 loading class org/netbeans/html/json/spi/JSONCall
Event: 4.849 loading class org/netbeans/html/json/spi/JSONCall done
Event: 4.850 loading class org/netbeans/html/ko4j/LoadWS
Event: 4.850 loading class org/netbeans/html/ko4j/LoadWS done


Dynamic libraries:
0x000000013f390000 - 0x000000013f3c7000 	C:\Program Files\Java\jdk1.8.0_45\jre\bin\java.exe
0x0000000077490000 - 0x0000000077639000 	C:\Windows\SYSTEM32\ntdll.dll
0x0000000077060000 - 0x000000007717f000 	C:\Windows\system32\kernel32.dll
0x000007fefda20000 - 0x000007fefda8c000 	C:\Windows\system32\KERNELBASE.dll
0x000007feff3f0000 - 0x000007feff4cb000 	C:\Windows\system32\ADVAPI32.dll
0x000007fefde20000 - 0x000007fefdebf000 	C:\Windows\system32\msvcrt.dll
0x000007fefe240000 - 0x000007fefe25f000 	C:\Windows\SYSTEM32\sechost.dll
0x000007feff5e0000 - 0x000007feff70d000 	C:\Windows\system32\RPCRT4.dll
0x0000000077180000 - 0x000000007727a000 	C:\Windows\system32\USER32.dll
0x000007fefddb0000 - 0x000007fefde17000 	C:\Windows\system32\GDI32.dll
0x000007fefdfd0000 - 0x000007fefdfde000 	C:\Windows\system32\LPK.dll
0x000007fefdcc0000 - 0x000007fefdd89000 	C:\Windows\system32\USP10.dll
0x000007fefc9b0000 - 0x000007fefcba4000 	C:\Windows\WinSxS\amd64_microsoft.windows.common-controls_6595b64144ccf1df_6.0.7601.17514_none_fa396087175ac9ac\COMCTL32.dll
0x000007feff270000 - 0x000007feff2e1000 	C:\Windows\system32\SHLWAPI.dll
0x000007fefdfa0000 - 0x000007fefdfce000 	C:\Windows\system32\IMM32.DLL
0x000007feff4d0000 - 0x000007feff5d9000 	C:\Windows\system32\MSCTF.dll
0x000000005dbb0000 - 0x000000005dc82000 	C:\Program Files\Java\jdk1.8.0_45\jre\bin\msvcr100.dll
0x0000000050190000 - 0x0000000050a13000 	C:\Program Files\Java\jdk1.8.0_45\jre\bin\server\jvm.dll
0x000007fefc5a0000 - 0x000007fefc5a9000 	C:\Windows\system32\WSOCK32.dll
0x000007fefdfe0000 - 0x000007fefe02d000 	C:\Windows\system32\WS2_32.dll
0x000007feff790000 - 0x000007feff798000 	C:\Windows\system32\NSI.dll
0x000007fefb850000 - 0x000007fefb88b000 	C:\Windows\system32\WINMM.dll
0x000007fefc6a0000 - 0x000007fefc6ac000 	C:\Windows\system32\VERSION.dll
0x0000000077650000 - 0x0000000077657000 	C:\Windows\system32\PSAPI.DLL
0x000000006f530000 - 0x000000006f53f000 	C:\Program Files\Java\jdk1.8.0_45\jre\bin\verify.dll
0x0000000068380000 - 0x00000000683a9000 	C:\Program Files\Java\jdk1.8.0_45\jre\bin\java.dll
0x000000005f190000 - 0x000000005f1b3000 	C:\Program Files\Java\jdk1.8.0_45\jre\bin\instrument.dll
0x0000000069b80000 - 0x0000000069b96000 	C:\Program Files\Java\jdk1.8.0_45\jre\bin\zip.dll
0x000007fefe260000 - 0x000007fefefe8000 	C:\Windows\system32\SHELL32.dll
0x000007fefe030000 - 0x000007fefe233000 	C:\Windows\system32\ole32.dll
0x000007fefd8f0000 - 0x000007fefd8ff000 	C:\Windows\system32\profapi.dll
0x0000000067a60000 - 0x0000000067a8c000 	C:\Program Files\Java\jdk1.8.0_45\jre\bin\prism_d3d.dll
0x000007fef4a30000 - 0x000007fef4c2f000 	C:\Windows\system32\d3d9.dll
0x000007fefb210000 - 0x000007fefb217000 	C:\Windows\system32\d3d8thk.dll
0x000007fefb580000 - 0x000007fefb598000 	C:\Windows\system32\dwmapi.dll
0x000007fefbdc0000 - 0x000007fefbe16000 	C:\Windows\system32\uxtheme.dll
0x000007fee3f60000 - 0x000007fee4e6f000 	C:\Windows\system32\nvd3dumx.dll
0x0000000180000000 - 0x00000001801a7000 	C:\Windows\system32\nvspcap64.dll
0x000007fefdec0000 - 0x000007fefdf97000 	C:\Windows\system32\OLEAUT32.dll
0x000007feff090000 - 0x000007feff267000 	C:\Windows\system32\SETUPAPI.dll
0x000007fefd9a0000 - 0x000007fefd9d6000 	C:\Windows\system32\CFGMGR32.dll
0x000007fefdca0000 - 0x000007fefdcba000 	C:\Windows\system32\DEVOBJ.dll
0x000007fefa5e0000 - 0x000007fefa651000 	C:\Windows\system32\WINHTTP.dll
0x000007fef9e20000 - 0x000007fef9e84000 	C:\Windows\system32\webio.dll
0x000007fef9a70000 - 0x000007fef9dc1000 	C:\Windows\system32\nvapi64.dll
0x000007fefd750000 - 0x000007fefd775000 	C:\Windows\system32\SspiCli.dll
0x00000000640b0000 - 0x00000000640f1000 	C:\Program Files\Java\jdk1.8.0_45\jre\bin\glass.dll
0x000007feff350000 - 0x000007feff3e7000 	C:\Windows\system32\COMDLG32.dll
0x000007fef4290000 - 0x000007fef42ed000 	C:\Program Files (x86)\Overwolf\0.90.208.0\x64\OWExplorer.dll
0x000007fee9190000 - 0x000007fee92b5000 	C:\Windows\system32\dbghelp.dll
0x000007fefd7e0000 - 0x000007fefd7ef000 	C:\Windows\system32\CRYPTBASE.dll
0x000007fefc0e0000 - 0x000007fefc10c000 	C:\Windows\system32\powrprof.dll
0x000007fef3de0000 - 0x000007fef3f3d000 	C:\Program Files (x86)\NVIDIA Corporation\3D Vision\nvSCPAPI64.dll
0x00000000642f0000 - 0x0000000064305000 	C:\Program Files\Java\jdk1.8.0_45\jre\bin\javafx_font.dll
0x000007feeb9a0000 - 0x000007feebb1e000 	C:\Windows\system32\dwrite.dll
0x000007fefeff0000 - 0x000007feff089000 	C:\Windows\system32\CLBCatQ.DLL
0x000007fefb300000 - 0x000007fefb42a000 	C:\Windows\system32\WindowsCodecs.dll
0x000007fefd780000 - 0x000007fefd7d7000 	C:\Windows\system32\apphelp.dll
0x0000000070380000 - 0x00000000703a0000 	C:\Program Files\Common Files\TortoiseOverlays\TortoiseOverlays.dll
0x0000000070360000 - 0x0000000070379000 	C:\Program Files\TortoiseSVN\bin\TortoiseStub.dll
0x00000000702b0000 - 0x000000007035c000 	C:\Program Files\TortoiseSVN\bin\TortoiseSVN.dll
0x0000000076db0000 - 0x0000000076f0b000 	C:\Windows\system32\WININET.dll
0x0000000077660000 - 0x0000000077663000 	C:\Windows\system32\Normaliz.dll
0x0000000077280000 - 0x000000007748f000 	C:\Windows\system32\iertutil.dll
0x0000000076f10000 - 0x000000007705d000 	C:\Windows\system32\urlmon.dll
0x000007fef81f0000 - 0x000007fef87cc000 	C:\Program Files\TortoiseSVN\bin\libsvn_tsvn.dll
0x000000006f750000 - 0x000000006f7a2000 	C:\Program Files\TortoiseSVN\bin\libapr_tsvn.dll
0x000007fefd210000 - 0x000007fefd265000 	C:\Windows\system32\MSWSOCK.dll
0x000000006f570000 - 0x000000006f5cf000 	C:\Program Files\TortoiseSVN\bin\libaprutil_tsvn.dll
0x000007feff2f0000 - 0x000007feff342000 	C:\Windows\system32\WLDAP32.dll
0x000007fefc620000 - 0x000007fefc691000 	C:\Program Files\TortoiseSVN\bin\intl3_tsvn.dll
0x000007fefc5e0000 - 0x000007fefc61c000 	C:\Program Files\TortoiseSVN\bin\libsasl.dll
0x000007fefd590000 - 0x000007fefd59b000 	C:\Windows\system32\Secur32.dll
0x000007fefdb30000 - 0x000007fefdc9a000 	C:\Windows\system32\CRYPT32.dll
0x000007fefd990000 - 0x000007fefd99f000 	C:\Windows\system32\MSASN1.dll
0x000007fef7e10000 - 0x000007fef8172000 	C:\Program Files (x86)\Adobe\Adobe Creative Cloud\CoreSync\CoreSync_v_1_1_0_x64.dll
0x0000000072e10000 - 0x0000000072ea8000 	C:\Windows\system32\MSVCP100.dll
0x000007fefb230000 - 0x000007fefb257000 	C:\Windows\system32\IPHLPAPI.DLL
0x000007fefb200000 - 0x000007fefb20b000 	C:\Windows\system32\WINNSI.DLL
0x000007fefa6f0000 - 0x000007fefa706000 	C:\Windows\system32\NETAPI32.dll
0x000007fefa6e0000 - 0x000007fefa6ec000 	C:\Windows\system32\netutils.dll
0x000007fefd400000 - 0x000007fefd423000 	C:\Windows\system32\srvcli.dll
0x000007fefa680000 - 0x000007fefa695000 	C:\Windows\system32\wkscli.dll
0x000007fefc890000 - 0x000007fefc8ae000 	C:\Windows\system32\USERENV.dll
0x000007fef8d50000 - 0x000007fef8d68000 	C:\Windows\system32\MPR.dll
0x000007fefc1e0000 - 0x000007fefc256000 	C:\Users\Administrador\AppData\Local\MEGAsync\ShellExtX64.dll
0x000007fef20e0000 - 0x000007fef210d000 	C:\Program Files\Common Files\Microsoft Shared\Ink\rtscom.dll
0x000007fee66e0000 - 0x000007fee671f000 	C:\Program Files\ASUS\Bluetooth Software\btmmhook.dll
0x000000006d590000 - 0x000000006e968000 	C:\Program Files\Java\jdk1.8.0_45\jre\bin\jfxwebkit.dll
0x000007fefd270000 - 0x000007fefd287000 	C:\Windows\system32\CRYPTSP.dll
0x000007fefce50000 - 0x000007fefce97000 	C:\Windows\system32\rsaenh.dll
0x0000000069400000 - 0x000000006941a000 	C:\Program Files\Java\jdk1.8.0_45\jre\bin\net.dll
0x000007fefd340000 - 0x000007fefd347000 	C:\Windows\System32\wship6.dll
0x00000000684d0000 - 0x00000000684e1000 	C:\Program Files\Java\jdk1.8.0_45\jre\bin\nio.dll
0x00000000641f0000 - 0x0000000064201000 	C:\Program Files\Java\jdk1.8.0_45\jre\bin\prism_common.dll

VM Arguments:
jvm_args: -javaagent:C:\Users\Administrador\Documents\NetBeansProjects\DiccionarioDeJava\client\target/springloaded.jar -Xverify:none -Dbrowser.rootdir=C:\Users\Administrador\Documents\NetBeansProjects\DiccionarioDeJava\client/src/main/webapp/ -Dnetbeans.inspect.port=51394 -Ddebug=false 
java_command: web.aprendiendola.dictionaryweb.aprendiendola.dictionary.DiccionarioDeJava.Main
java_class_path (initial): C:\Users\Administrador\Documents\NetBeansProjects\DiccionarioDeJava\client\target\classes;C:\Users\Administrador\.m2\repository\org\netbeans\html\net.java.html\1.1\net.java.html-1.1.jar;C:\Users\Administrador\.m2\repository\org\netbeans\html\net.java.html.json\1.1\net.java.html.json-1.1.jar;C:\Users\Administrador\.m2\repository\org\netbeans\html\net.java.html.boot\1.1\net.java.html.boot-1.1.jar;C:\Users\Administrador\.m2\repository\org\netbeans\html\net.java.html.sound\1.1\net.java.html.sound-1.1.jar;C:\Users\Administrador\.m2\repository\org\netbeans\html\ko4j\1.1\ko4j-1.1.jar;C:\Users\Administrador\.m2\repository\web\aprendiendola\dictionaryweb\aprendiendola\dictionary\DiccionarioDeJava-js\1.0-SNAPSHOT\DiccionarioDeJava-js-1.0-SNAPSHOT.jar;C:\Users\Administrador\.m2\repository\org\netbeans\html\net.java.html.boot.fx\1.1\net.java.html.boot.fx-1.1.jar;C:\Users\Administrador\Documents\NetBeansProjects\DiccionarioDeJava\client\target/springloaded.jar
Launcher Type: SUN_STANDARD

Environment Variables:
JAVA_HOME=C:\Program Files\Java\jdk1.8.0_45
CLASSPATH=.;.;C:\PROGRA~2\JMF21~1.1E\lib\sound.jar;C:\PROGRA~2\JMF21~1.1E\lib\jmf.jar;C:\PROGRA~2\JMF21~1.1E\lib;
PATH=C:\ORACLEXE\APP\ORACLE\PRODUCT\11.2.0\SERVER\BIN;C:\PROGRAMDATA\ORACLE\JAVA\JAVAPATH;C:\PROGRAM FILES (X86)\COMMON FILES\INTEL\SHARED FILES\CPP\BIN\INTEL64;C:\TCL\BIN;C:\PROGRAM FILES\MICROSOFT HPC PACK 2012\BIN\;C:\PROGRAM FILES\COMMON FILES\AUTODESK SHARED\;C:\PROGRAM FILES (X86)\JAVA\JDK1.7.0_51\BIN;C:\PROGRAM FILES (X86)\HEROKU\BIN;C:\PROGRAM FILES (X86)\GIT\CMD;C:\WINDOWS\SYSTEM32;C:\WINDOWS;C:\WINDOWS\SYSTEM32\WBEM;C:\PROGRAM FILES\SQL ANYWHERE 12\BIN64;C:\PROGRAM FILES\SQL ANYWHERE 12\BIN32;C:\PROGRAM FILES (X86)\SYBASE\SHARED\POWERBUILDER;C:\PROGRAM FILES\MATLAB\MATLAB COMPILER RUNTIME\V81\RUNTIME\WIN64;C:\PROGRAM FILES (X86)\DEV-CPP\MINGW64\BIN;C:\PROGRAM FILES (X86)\DEV-CPP\MINGW64\X86_64-W64-MINGW32\BIN;C:\PROGRAM FILES\NODEJS\;C:\PROGRAM FILES (X86)\NVIDIA CORPORATION\PHYSX\COMMON;C:\PROGRAM FILES (X86)\GIT\CMD;C:\PROGRAM FILES (X86)\GIT\BIN;C:\PROGRAM FILES (X86)\MIKTEX 2.9\MIKTEX\BIN\;;C:\Program Files\ASUS\Bluetooth Software\;C:\Program Files\ASUS\Bluetooth Software\syswow64;C:\Program Files\TortoiseSVN\bin;C:\Program Files (x86)\Skype\Phone\;C:\Program Files (x86)\miktex\miktex\bin\;C:\Users\Administrador\AppData\Roaming\npm
USERNAME=Administrador
OS=Windows_NT
PROCESSOR_IDENTIFIER=Intel64 Family 6 Model 42 Stepping 7, GenuineIntel



---------------  S Y S T E M  ---------------

OS: Windows 7 , 64 bit Build 7601 (6.1.7601.17651)

CPU:total 4 (4 cores per cpu, 1 threads per core) family 6 model 42 stepping 7, cmov, cx8, fxsr, mmx, sse, sse2, sse3, ssse3, sse4.1, sse4.2, popcnt, avx, aes, clmul, tsc, tscinvbit

Memory: 4k page, physical 16745892k(10649452k free), swap 33489932k(26223544k free)

vm_info: Java HotSpot(TM) 64-Bit Server VM (25.45-b02) for windows-amd64 JRE (1.8.0_45-b15), built on Apr 30 2015 12:40:44 by "java_re" with MS VC++ 10.0 (VS2010)

time: Tue Nov 17 01:26:58 2015
elapsed time: 5 seconds (0d 0h 0m 5s)

